Console output is being saved to GKInstall_POS_20250418_135154.log
No default Jaybird driver path set - will detect during installation if available
No log folder found. Performing full installation.
-------------------
Hostname  : Emulation-ArchLinux
===================
Could not extract valid Store Number and Workstation ID from hostname.
Trying file detection...
Trying file detection for POS using /usr/local/gkretail/stations/POS.station
Found Store ID in file: 9999
Found Workstation ID in file: 1
Successfully detected values from file:
Store Number: 9999
Workstation ID: 1
-------------------
StoreNr   : 9999
WorkstationId: 1
-------------------
Starting onboarding process for POS
Error occurred during API call
Error during POS onboarding
